Flow report for Lab7
Mon Nov 15 11:47:14 2021
Quartus II 64-Bit Version 15.0.2 Build 153 07/15/2015 SJ Web Edition


---------------------
; Table of Contents ;
---------------------
  1. Legal Notice
  2. Flow Summary
  3. Flow Settings
  4. Flow Non-Default Global Settings
  5. Flow Elapsed Time
  6. Flow OS Summary
  7. Flow Log
  8. Flow Messages
  9. Flow Suppressed Messages



----------------
; Legal Notice ;
----------------
Copyright (C) 1991-2015 Altera Corporation. All rights reserved.
Your use of Altera Corporation's design tools, logic functions 
and other software and tools, and its AMPP partner logic 
functions, and any output files from any of the foregoing 
(including device programming or simulation files), and any 
associated documentation or information are expressly subject 
to the terms and conditions of the Altera Program License 
Subscription Agreement, the Altera Quartus II License Agreement,
the Altera MegaCore Function License Agreement, or other 
applicable license agreement, including, without limitation, 
that your use is for the sole purpose of programming logic 
devices manufactured by Altera and sold by Altera or its 
authorized distributors.  Please refer to the applicable 
agreement for further details.



+---------------------------------------------------------------------------------+
; Flow Summary                                                                    ;
+------------------------------------+--------------------------------------------+
; Flow Status                        ; Successful - Mon Nov 15 11:47:14 2021      ;
; Quartus II 64-Bit Version          ; 15.0.2 Build 153 07/15/2015 SJ Web Edition ;
; Revision Name                      ; Lab7                                       ;
; Top-level Entity Name              ; PC                                         ;
; Family                             ; Cyclone IV E                               ;
; Device                             ; EP4CE115F29C7                              ;
; Timing Models                      ; Final                                      ;
; Total logic elements               ; 1,846 / 114,480 ( 2 % )                    ;
;     Total combinational functions  ; 1,367 / 114,480 ( 1 % )                    ;
;     Dedicated logic registers      ; 1,288 / 114,480 ( 1 % )                    ;
; Total registers                    ; 1288                                       ;
; Total pins                         ; 92 / 529 ( 17 % )                          ;
; Total virtual pins                 ; 0                                          ;
; Total memory bits                  ; 0 / 3,981,312 ( 0 % )                      ;
; Embedded Multiplier 9-bit elements ; 0 / 532 ( 0 % )                            ;
; Total PLLs                         ; 0 / 4 ( 0 % )                              ;
+------------------------------------+--------------------------------------------+


+-----------------------------------------+
; Flow Settings                           ;
+-------------------+---------------------+
; Option            ; Setting             ;
+-------------------+---------------------+
; Start date & time ; 11/15/2021 11:45:40 ;
; Main task         ; Compilation         ;
; Revision Name     ; Lab7                ;
+-------------------+---------------------+


+-----------------------------------------------------------------------------------------------------------------------------------------------+
; Flow Non-Default Global Settings                                                                                                              ;
+-------------------------------------+---------------------------------------+---------------+-------------+-----------------------------------+
; Assignment Name                     ; Value                                 ; Default Value ; Entity Name ; Section Id                        ;
+-------------------------------------+---------------------------------------+---------------+-------------+-----------------------------------+
; COMPILER_SIGNATURE_ID               ; 0.163699474006353                     ; --            ; --          ; --                                ;
; EDA_GENERATE_FUNCTIONAL_NETLIST     ; Off                                   ; --            ; --          ; eda_board_design_timing           ;
; EDA_GENERATE_FUNCTIONAL_NETLIST     ; Off                                   ; --            ; --          ; eda_board_design_boundary_scan    ;
; EDA_GENERATE_FUNCTIONAL_NETLIST     ; Off                                   ; --            ; --          ; eda_board_design_signal_integrity ;
; EDA_GENERATE_FUNCTIONAL_NETLIST     ; Off                                   ; --            ; --          ; eda_board_design_symbol           ;
; EDA_OUTPUT_DATA_FORMAT              ; Vhdl                                  ; --            ; --          ; eda_simulation                    ;
; EDA_SIMULATION_TOOL                 ; ModelSim-Altera (VHDL)                ; <None>        ; --          ; --                                ;
; EDA_TIME_SCALE                      ; 1 ps                                  ; --            ; --          ; eda_simulation                    ;
; MAX_CORE_JUNCTION_TEMP              ; 85                                    ; --            ; --          ; --                                ;
; MIN_CORE_JUNCTION_TEMP              ; 0                                     ; --            ; --          ; --                                ;
; NOMINAL_CORE_SUPPLY_VOLTAGE         ; 1.2V                                  ; --            ; --          ; --                                ;
; PARTITION_COLOR                     ; 16764057                              ; --            ; PC          ; Top                               ;
; PARTITION_FITTER_PRESERVATION_LEVEL ; PLACEMENT_AND_ROUTING                 ; --            ; PC          ; Top                               ;
; PARTITION_NETLIST_TYPE              ; SOURCE                                ; --            ; PC          ; Top                               ;
; POWER_BOARD_THERMAL_MODEL           ; None (CONSERVATIVE)                   ; --            ; --          ; --                                ;
; POWER_PRESET_COOLING_SOLUTION       ; 23 MM HEAT SINK WITH 200 LFPM AIRFLOW ; --            ; --          ; --                                ;
; PROJECT_OUTPUT_DIRECTORY            ; output_files                          ; --            ; --          ; --                                ;
; TOP_LEVEL_ENTITY                    ; PC                                    ; Lab7          ; --          ; --                                ;
+-------------------------------------+---------------------------------------+---------------+-------------+-----------------------------------+


+-------------------------------------------------------------------------------------------------------------------------------+
; Flow Elapsed Time                                                                                                             ;
+---------------------------+--------------+-------------------------+---------------------+------------------------------------+
; Module Name               ; Elapsed Time ; Average Processors Used ; Peak Virtual Memory ; Total CPU Time (on all processors) ;
+---------------------------+--------------+-------------------------+---------------------+------------------------------------+
; Analysis & Synthesis      ; 00:00:12     ; 1.0                     ; 937 MB              ; 00:00:27                           ;
; Fitter                    ; 00:01:07     ; 1.0                     ; 1315 MB             ; 00:01:06                           ;
; Assembler                 ; 00:00:03     ; 1.0                     ; 844 MB              ; 00:00:03                           ;
; TimeQuest Timing Analyzer ; 00:00:03     ; 1.0                     ; 970 MB              ; 00:00:03                           ;
; EDA Netlist Writer        ; 00:00:02     ; 1.0                     ; 1111 MB             ; 00:00:02                           ;
; Total                     ; 00:01:27     ; --                      ; --                  ; 00:01:41                           ;
+---------------------------+--------------+-------------------------+---------------------+------------------------------------+


+---------------------------------------------------------------------------------------------+
; Flow OS Summary                                                                             ;
+---------------------------+------------------+----------------+------------+----------------+
; Module Name               ; Machine Hostname ; OS Name        ; OS Version ; Processor type ;
+---------------------------+------------------+----------------+------------+----------------+
; Analysis & Synthesis      ; ece14            ; Ubuntu 20.04.2 ; 20         ; x86_64         ;
; Fitter                    ; ece14            ; Ubuntu 20.04.2 ; 20         ; x86_64         ;
; Assembler                 ; ece14            ; Ubuntu 20.04.2 ; 20         ; x86_64         ;
; TimeQuest Timing Analyzer ; ece14            ; Ubuntu 20.04.2 ; 20         ; x86_64         ;
; EDA Netlist Writer        ; ece14            ; Ubuntu 20.04.2 ; 20         ; x86_64         ;
+---------------------------+------------------+----------------+------------+----------------+


------------
; Flow Log ;
------------
quartus_map --read_settings_files=on --write_settings_files=off Lab7 -c Lab7
quartus_fit --read_settings_files=off --write_settings_files=off Lab7 -c Lab7
quartus_asm --read_settings_files=off --write_settings_files=off Lab7 -c Lab7
quartus_sta Lab7 -c Lab7
quartus_eda --read_settings_files=off --write_settings_files=off Lab7 -c Lab7



